Sender: LSF System <lsfadmin@ls06>
Subject: Job 918606: <cychex_lj_vanilla> in cluster <lila> Exited

Job <cychex_lj_vanilla> was submitted from host <lilac> by user <brma3379> in cluster <lila> at Sun Oct 15 23:45:53 2017.
Job was executed on host(s) <ls06>, in queue <gpuqueue>, as user <brma3379> in cluster <lila> at Sun Oct 15 23:45:53 2017.
</home/brma3379> was used as the home directory.
</home/brma3379/LJ-neat-liquids> was used as the working directory.
Started at Sun Oct 15 23:45:53 2017.
Terminated at Sun Oct 15 23:45:59 2017.
Results reported at Sun Oct 15 23:45:59 2017.

Your job looked like:

------------------------------------------------------------
# LSBATCH: User input
#!/bin/bash
#BSUB -J cychex_lj_vanilla
#BSUB -n 1
#BSUB -q gpuqueue 
#BSUB -gpu "num=1"
#BSUB -W 10:00
#BSUB -o %J.stdout
#BSUB -eo %J.stderr
#BSUB -L /bin/bash
#BSUB -u brma3379@colorado.edu
#BSUB -B

cd $LS_SUBCWD
export OE_DIR=/home/brma3379/.OpenEye
export PATH=/home/brma3379/miniconda/bin
export OPENMM_PLUGIN_DIR=/home/brma3379/miniconda/lib/plugins
module load cuda
python run_molecule.py cyclohexane C1CCCCC1 250 [#6X4:1] epsilon rmin_half 0.1094 1.9080 & $LSB_JOBINDEX

------------------------------------------------------------

Exited with exit code 127.

Resource usage summary:

    CPU time :                                   3.11 sec.
    Max Memory :                                 -
    Average Memory :                             -
    Total Requested Memory :                     2.00 GB
    Delta Memory :                               -
    Max Swap :                                   -
    Max Processes :                              1
    Max Threads :                                9
    Run time :                                   6 sec.
    Turnaround time :                            6 sec.

The output (if any) follows:



PS:

Read file <918606.stderr> for stderr output of this job.

