Sender: LSF System <lsfadmin@ls09>
Subject: Job 924185: <cychex_lj_vanilla> in cluster <lila> Exited

Job <cychex_lj_vanilla> was submitted from host <lilac> by user <brma3379> in cluster <lila> at Mon Oct 16 17:45:24 2017.
Job was executed on host(s) <ls09>, in queue <gpuqueue>, as user <brma3379> in cluster <lila> at Mon Oct 16 17:45:24 2017.
</home/brma3379> was used as the home directory.
</home/brma3379/LJ-neat-liquids> was used as the working directory.
Started at Mon Oct 16 17:45:24 2017.
Terminated at Mon Oct 16 17:45:25 2017.
Results reported at Mon Oct 16 17:45:25 2017.

Your job looked like:

------------------------------------------------------------
# LSBATCH: User input
#!/bin/bash
#BSUB -J cychex_lj_vanilla
#BSUB -n 1
#BSUB -q gpuqueue 
#BSUB -gpu "num=1"
#BSUB -W 10:00
#BSUB -o %J.stdout
#BSUB -eo %J.stderr
#BSUB -L /bin/bash
#BSUB -u brma3379@colorado.edu
#BSUB -B

cd $LS_SUBCWD
export OE_DIR=/home/brma3379/.OpenEye
export PATH=/home/brma3379/minconda/bin
module load cuda
echo $PATH
python run_molecule.py cyclohexane C1CCCCC1 250 [#6X4:1] epsilon rmin_half 0.1094 1.9080 & $LSB_JOBINDEX

------------------------------------------------------------

Exited with exit code 127.

Resource usage summary:

    CPU time :                                   0.31 sec.
    Max Memory :                                 -
    Average Memory :                             -
    Total Requested Memory :                     2.00 GB
    Delta Memory :                               -
    Max Swap :                                   -
    Max Processes :                              4
    Max Threads :                                4
    Run time :                                   2 sec.
    Turnaround time :                            1 sec.

The output (if any) follows:

/usr/local/cuda-8.0/bin:/home/brma3379/minconda/bin


PS:

Read file <924185.stderr> for stderr output of this job.

