Sender: LSF System <lsfadmin@lt08>
Subject: Job 955901: <cychex_lj_vanilla> in cluster <lila> Done

Job <cychex_lj_vanilla> was submitted from host <lilac> by user <brma3379> in cluster <lila> at Mon Oct 23 17:23:21 2017.
Job was executed on host(s) <lt08>, in queue <gpuqueue>, as user <brma3379> in cluster <lila> at Mon Oct 23 17:23:21 2017.
</home/brma3379> was used as the home directory.
</home/brma3379/LJ-neat-liquids> was used as the working directory.
Started at Mon Oct 23 17:23:21 2017.
Terminated at Mon Oct 23 17:23:22 2017.
Results reported at Mon Oct 23 17:23:22 2017.

Your job looked like:

------------------------------------------------------------
# LSBATCH: User input
#!/bin/sh
#BSUB -J cychex_lj_vanilla
#BSUB -n 1
#BSUB -q gpuqueue 
#BSUB -gpu "num=1"
#BSUB -W 10:00
#BSUB -o %J.stdout
#BSUB -eo %J.stderr
#BSUB -u brma3379@colorado.edu
#BSUB -B

cd $LS_SUBCWD
export OE_DIR=/home/brma3379/.OpenEye
export PATH=/home/brma3379/miniconda/bin:$PATH
export LD_LIBRARY_PATH=/opt/common/CentOS_7/glibc/glibc-2.18/lib:$LD_LIBRARY_PATH
module load cuda
echo $PATH
python run_molecule.py cyclohexane C1CCCCC1 250 [#6X4:1] epsilon rmin_half 0.1094 1.9080 & 

------------------------------------------------------------

Successfully completed.

Resource usage summary:

    CPU time :                                   0.08 sec.
    Max Memory :                                 -
    Average Memory :                             -
    Total Requested Memory :                     2.00 GB
    Delta Memory :                               -
    Max Swap :                                   -
    Max Processes :                              3
    Max Threads :                                5
    Run time :                                   1 sec.
    Turnaround time :                            1 sec.

The output (if any) follows:

/home/brma3379/miniconda/bin:/admin/lsf/10.1/linux3.10-glibc2.17-x86_64/bin:/admin/lsf/10.1/linux3.10-glibc2.17-x86_64/etc:/usr/local/bin:/usr/bin:/usr/local/sbin:/usr/sbin:/usr/lpp/mmfs/bin/:/opt/puppetlabs/bin


PS:

Read file <955901.stderr> for stderr output of this job.

