Sender: LSF System <lsfadmin@lt05>
Subject: Job 959039: <cychex_lj_vanilla> in cluster <lila> Done

Job <cychex_lj_vanilla> was submitted from host <lilac> by user <brma3379> in cluster <lila> at Tue Oct 24 17:14:13 2017.
Job was executed on host(s) <lt05>, in queue <gpuqueue>, as user <brma3379> in cluster <lila> at Tue Oct 24 17:14:14 2017.
</home/brma3379> was used as the home directory.
</home/brma3379/LJ-neat-liquids> was used as the working directory.
Started at Tue Oct 24 17:14:14 2017.
Terminated at Tue Oct 24 17:14:32 2017.
Results reported at Tue Oct 24 17:14:32 2017.

Your job looked like:

------------------------------------------------------------
# LSBATCH: User input
#!/bin/sh
#BSUB -J cychex_lj_vanilla
#BSUB -n 1
#BSUB -q gpuqueue 
#BSUB -gpu "num=1"
#BSUB -W 10:00
#BSUB -o %J.stdout
#BSUB -eo %J.stderr
#BSUB -u brma3379@colorado.edu
#BSUB -B

cd $LS_SUBCWD
export OE_DIR=/home/brma3379/.OpenEye
export PATH=/home/brma3379/miniconda/bin:$PATH
export LD_LIBRARY_PATH=/home/brma3379/miniconda/lib:$LD_LIBRARY_PATH
module load cuda
echo $PATH
python run_molecule.py cyclohexane C1CCCCC1 250 [#6X4:1] epsilon rmin_half 0.1094 1.9080 & 

------------------------------------------------------------

Successfully completed.

Resource usage summary:

    CPU time :                                   1.05 sec.
    Max Memory :                                 -
    Average Memory :                             -
    Total Requested Memory :                     2.00 GB
    Delta Memory :                               -
    Max Swap :                                   -
    Max Processes :                              2
    Max Threads :                                10
    Run time :                                   19 sec.
    Turnaround time :                            19 sec.

The output (if any) follows:

/home/brma3379/miniconda/bin:/admin/lsf/10.1/linux3.10-glibc2.17-x86_64/bin:/home/brma3379/miniconda/bin/:/admin/lsf/10.1/linux3.10-glibc2.17-x86_64/etc:/usr/local/bin:/usr/bin:/usr/local/sbin:/usr/sbin:/usr/lpp/mmfs/bin/:/opt/puppetlabs/bin
/home/brma3379/miniconda/lib/python2.7/site-packages/simtk/openmm/../../../../libstdc++.so.6: version `CXXABI_1.3.8' not found (required by /home/brma3379/miniconda/lib/python2.7/site-packages/openeye/libs/python2.7-ucs4-linux-x64-g++4.x/_oechem212.so)
Warning: Cannot import openeye toolkit; not all functionality will be available.


PS:

Read file <959039.stderr> for stderr output of this job.

